2026-04-26 03:38:45,971 - FetchAVI - INFO - Listing all videos in AVI account...
2026-04-26 03:38:45,972 - avi_client - INFO - Attempting to fetch fresh access token via Subscription Key...
2026-04-26 03:38:47,454 - FetchAVI - INFO - Found 25 videos:
2026-04-26 03:38:47,455 - FetchAVI - INFO -   hg5nyih2fo  |  video_43a38484  |  state=Processed  |  duration=938s
2026-04-26 03:38:47,455 - FetchAVI - INFO -   ghfe5dd563  |  video_303cbc17  |  state=Processed  |  duration=766s
2026-04-26 03:38:47,455 - FetchAVI - INFO -   7tw907hrbp  |  video_0c0216ed  |  state=Processed  |  duration=493s
2026-04-26 03:38:47,455 - FetchAVI - INFO -   jr3dxewsy4  |  video_7264ee86  |  state=Processed  |  duration=446s
2026-04-26 03:38:47,455 - FetchAVI - INFO -   4o8y5k2fo5  |  video_b120483a  |  state=Processed  |  duration=227s
2026-04-26 03:38:47,455 - FetchAVI - INFO -   xzlb5i8mtm  |  video_8d9fe3c9  |  state=Failed  |  duration=0s
2026-04-26 03:38:47,455 - FetchAVI - INFO -   gg4khc5wv9  |  video_8798066a  |  state=Processed  |  duration=120s
2026-04-26 03:38:47,455 - FetchAVI - INFO -   n2wq3edbkn  |  video_ac1682fb  |  state=Processed  |  duration=120s
2026-04-26 03:38:47,455 - FetchAVI - INFO -   w5pkzrewf5  |  video_b4b22083  |  state=Processed  |  duration=347s
2026-04-26 03:38:47,455 - FetchAVI - INFO -   w7wsl0oy0c  |  video_a83f6210  |  state=Processed  |  duration=347s
2026-04-26 03:38:47,455 - FetchAVI - INFO -   171oyt9fhs  |  video_39fbc2c8  |  state=Processed  |  duration=446s
2026-04-26 03:38:47,455 - FetchAVI - INFO -   zr8imn9dxn  |  video_cdd136b5  |  state=Processed  |  duration=446s
2026-04-26 03:38:47,455 - FetchAVI - INFO -   6mj1f5tju2  |  video_f2083c67  |  state=Processed  |  duration=71s
2026-04-26 03:38:47,455 - FetchAVI - INFO -   pk1bzale9i  |  TestVideo  |  state=Processed  |  duration=410s
2026-04-26 03:38:47,455 - FetchAVI - INFO -   pldl3lwgc3  |  TestVideo  |  state=Failed  |  duration=0s
2026-04-26 03:38:47,455 - FetchAVI - INFO -   m9m51y3jp5  |  test_Project Hail Mary - Official Trailer.mp4  |  state=Processed  |  duration=178s
2026-04-26 03:38:47,455 - FetchAVI - INFO -   qil39k8svb  |  TestVideo  |  state=Failed  |  duration=0s
2026-04-26 03:38:47,455 - FetchAVI - INFO -   epce0e3lpm  |  test_Why Amtrak’s Most Important Tunnels Are Doomed.mp4  |  state=Processed  |  duration=397s
2026-04-26 03:38:47,455 - FetchAVI - INFO -   l8m82tq6fh  |  test_The International Airport That Can Only Send Flights to Turkey.mp4  |  state=Processed  |  duration=446s
2026-04-26 03:38:47,455 - FetchAVI - INFO -   qv0uejoujb  |  video_cfb949b3  |  state=Failed  |  duration=0s
2026-04-26 03:38:47,455 - FetchAVI - INFO -   0y8eegqt4x  |  video_d6b77410  |  state=Failed  |  duration=0s
2026-04-26 03:38:47,455 - FetchAVI - INFO -   bifou7ws85  |  video_6ff66f4d  |  state=Failed  |  duration=0s
2026-04-26 03:38:47,455 - FetchAVI - INFO -   wu89nlrfpb  |  video_43c6aa0a  |  state=Failed  |  duration=0s
2026-04-26 03:38:47,455 - FetchAVI - INFO -   r22cg9qt9c  |  test_Why The US Government Put 480 Million Needles Into the Sky.mp4  |  state=Processed  |  duration=470s
2026-04-26 03:38:47,455 - FetchAVI - INFO -   a2txtbde7d  |  video_2d4c3704  |  state=Failed  |  duration=0s
2026-04-26 04:14:31,568 - FetchAVI - INFO - Listing all videos in AVI account...
2026-04-26 04:14:31,568 - avi_client - INFO - Attempting to fetch fresh access token via Subscription Key...
2026-04-26 04:14:32,386 - FetchAVI - INFO - Found 25 videos:
2026-04-26 04:14:32,386 - FetchAVI - INFO -   772vskj14y  |  video_d971a085  |  state=Processing  |  duration=493s
2026-04-26 04:14:32,387 - FetchAVI - INFO -   hg5nyih2fo  |  video_43a38484  |  state=Processed  |  duration=938s
2026-04-26 04:14:32,387 - FetchAVI - INFO -   ghfe5dd563  |  video_303cbc17  |  state=Processed  |  duration=766s
2026-04-26 04:14:32,387 - FetchAVI - INFO -   7tw907hrbp  |  video_0c0216ed  |  state=Processed  |  duration=493s
2026-04-26 04:14:32,387 - FetchAVI - INFO -   jr3dxewsy4  |  video_7264ee86  |  state=Processed  |  duration=446s
2026-04-26 04:14:32,387 - FetchAVI - INFO -   4o8y5k2fo5  |  video_b120483a  |  state=Processed  |  duration=227s
2026-04-26 04:14:32,387 - FetchAVI - INFO -   xzlb5i8mtm  |  video_8d9fe3c9  |  state=Failed  |  duration=0s
2026-04-26 04:14:32,387 - FetchAVI - INFO -   gg4khc5wv9  |  video_8798066a  |  state=Processed  |  duration=120s
2026-04-26 04:14:32,387 - FetchAVI - INFO -   n2wq3edbkn  |  video_ac1682fb  |  state=Processed  |  duration=120s
2026-04-26 04:14:32,387 - FetchAVI - INFO -   w5pkzrewf5  |  video_b4b22083  |  state=Processed  |  duration=347s
2026-04-26 04:14:32,387 - FetchAVI - INFO -   w7wsl0oy0c  |  video_a83f6210  |  state=Processed  |  duration=347s
2026-04-26 04:14:32,387 - FetchAVI - INFO -   171oyt9fhs  |  video_39fbc2c8  |  state=Processed  |  duration=446s
2026-04-26 04:14:32,387 - FetchAVI - INFO -   zr8imn9dxn  |  video_cdd136b5  |  state=Processed  |  duration=446s
2026-04-26 04:14:32,388 - FetchAVI - INFO -   6mj1f5tju2  |  video_f2083c67  |  state=Processed  |  duration=71s
2026-04-26 04:14:32,388 - FetchAVI - INFO -   pk1bzale9i  |  TestVideo  |  state=Processed  |  duration=410s
2026-04-26 04:14:32,388 - FetchAVI - INFO -   pldl3lwgc3  |  TestVideo  |  state=Failed  |  duration=0s
2026-04-26 04:14:32,388 - FetchAVI - INFO -   m9m51y3jp5  |  test_Project Hail Mary - Official Trailer.mp4  |  state=Processed  |  duration=178s
2026-04-26 04:14:32,388 - FetchAVI - INFO -   qil39k8svb  |  TestVideo  |  state=Failed  |  duration=0s
2026-04-26 04:14:32,388 - FetchAVI - INFO -   epce0e3lpm  |  test_Why Amtrak’s Most Important Tunnels Are Doomed.mp4  |  state=Processed  |  duration=397s
2026-04-26 04:14:32,388 - FetchAVI - INFO -   l8m82tq6fh  |  test_The International Airport That Can Only Send Flights to Turkey.mp4  |  state=Processed  |  duration=446s
2026-04-26 04:14:32,388 - FetchAVI - INFO -   qv0uejoujb  |  video_cfb949b3  |  state=Failed  |  duration=0s
2026-04-26 04:14:32,388 - FetchAVI - INFO -   0y8eegqt4x  |  video_d6b77410  |  state=Failed  |  duration=0s
2026-04-26 04:14:32,388 - FetchAVI - INFO -   bifou7ws85  |  video_6ff66f4d  |  state=Failed  |  duration=0s
2026-04-26 04:14:32,388 - FetchAVI - INFO -   wu89nlrfpb  |  video_43c6aa0a  |  state=Failed  |  duration=0s
2026-04-26 04:14:32,388 - FetchAVI - INFO -   r22cg9qt9c  |  test_Why The US Government Put 480 Million Needles Into the Sky.mp4  |  state=Processed  |  duration=470s
2026-04-26 04:14:38,651 - FetchAVI - INFO - Listing all videos in AVI account...
2026-04-26 04:14:38,651 - avi_client - INFO - Attempting to fetch fresh access token via Subscription Key...
2026-04-26 04:14:39,348 - FetchAVI - INFO - Found 25 videos:
2026-04-26 04:14:39,348 - FetchAVI - INFO -   772vskj14y  |  video_d971a085  |  state=Processing  |  duration=493s
2026-04-26 04:14:39,348 - FetchAVI - INFO -   hg5nyih2fo  |  video_43a38484  |  state=Processed  |  duration=938s
2026-04-26 04:14:39,348 - FetchAVI - INFO -   ghfe5dd563  |  video_303cbc17  |  state=Processed  |  duration=766s
2026-04-26 04:14:39,348 - FetchAVI - INFO -   7tw907hrbp  |  video_0c0216ed  |  state=Processed  |  duration=493s
2026-04-26 04:14:39,349 - FetchAVI - INFO -   jr3dxewsy4  |  video_7264ee86  |  state=Processed  |  duration=446s
2026-04-26 04:14:39,349 - FetchAVI - INFO -   4o8y5k2fo5  |  video_b120483a  |  state=Processed  |  duration=227s
2026-04-26 04:14:39,349 - FetchAVI - INFO -   xzlb5i8mtm  |  video_8d9fe3c9  |  state=Failed  |  duration=0s
2026-04-26 04:14:39,349 - FetchAVI - INFO -   gg4khc5wv9  |  video_8798066a  |  state=Processed  |  duration=120s
2026-04-26 04:14:39,349 - FetchAVI - INFO -   n2wq3edbkn  |  video_ac1682fb  |  state=Processed  |  duration=120s
2026-04-26 04:14:39,349 - FetchAVI - INFO -   w5pkzrewf5  |  video_b4b22083  |  state=Processed  |  duration=347s
2026-04-26 04:14:39,349 - FetchAVI - INFO -   w7wsl0oy0c  |  video_a83f6210  |  state=Processed  |  duration=347s
2026-04-26 04:14:39,349 - FetchAVI - INFO -   171oyt9fhs  |  video_39fbc2c8  |  state=Processed  |  duration=446s
2026-04-26 04:14:39,349 - FetchAVI - INFO -   zr8imn9dxn  |  video_cdd136b5  |  state=Processed  |  duration=446s
2026-04-26 04:14:39,349 - FetchAVI - INFO -   6mj1f5tju2  |  video_f2083c67  |  state=Processed  |  duration=71s
2026-04-26 04:14:39,349 - FetchAVI - INFO -   pk1bzale9i  |  TestVideo  |  state=Processed  |  duration=410s
2026-04-26 04:14:39,349 - FetchAVI - INFO -   pldl3lwgc3  |  TestVideo  |  state=Failed  |  duration=0s
2026-04-26 04:14:39,349 - FetchAVI - INFO -   m9m51y3jp5  |  test_Project Hail Mary - Official Trailer.mp4  |  state=Processed  |  duration=178s
2026-04-26 04:14:39,349 - FetchAVI - INFO -   qil39k8svb  |  TestVideo  |  state=Failed  |  duration=0s
2026-04-26 04:14:39,349 - FetchAVI - INFO -   epce0e3lpm  |  test_Why Amtrak’s Most Important Tunnels Are Doomed.mp4  |  state=Processed  |  duration=397s
2026-04-26 04:14:39,349 - FetchAVI - INFO -   l8m82tq6fh  |  test_The International Airport That Can Only Send Flights to Turkey.mp4  |  state=Processed  |  duration=446s
2026-04-26 04:14:39,349 - FetchAVI - INFO -   qv0uejoujb  |  video_cfb949b3  |  state=Failed  |  duration=0s
2026-04-26 04:14:39,349 - FetchAVI - INFO -   0y8eegqt4x  |  video_d6b77410  |  state=Failed  |  duration=0s
2026-04-26 04:14:39,349 - FetchAVI - INFO -   bifou7ws85  |  video_6ff66f4d  |  state=Failed  |  duration=0s
2026-04-26 04:14:39,349 - FetchAVI - INFO -   wu89nlrfpb  |  video_43c6aa0a  |  state=Failed  |  duration=0s
2026-04-26 04:14:39,349 - FetchAVI - INFO -   r22cg9qt9c  |  test_Why The US Government Put 480 Million Needles Into the Sky.mp4  |  state=Processed  |  duration=470s
2026-04-26 04:17:47,603 - FetchAVI - INFO - Listing all videos in AVI account...
2026-04-26 04:17:47,603 - avi_client - INFO - Attempting to fetch fresh access token via Subscription Key...
2026-04-26 04:17:48,327 - FetchAVI - INFO - Found 25 videos:
2026-04-26 04:17:48,328 - FetchAVI - INFO -   772vskj14y  |  video_d971a085  |  state=Processing  |  duration=493s
2026-04-26 04:17:48,328 - FetchAVI - INFO -   hg5nyih2fo  |  video_43a38484  |  state=Processed  |  duration=938s
2026-04-26 04:17:48,328 - FetchAVI - INFO -   ghfe5dd563  |  video_303cbc17  |  state=Processed  |  duration=766s
2026-04-26 04:17:48,328 - FetchAVI - INFO -   7tw907hrbp  |  video_0c0216ed  |  state=Processed  |  duration=493s
2026-04-26 04:17:48,328 - FetchAVI - INFO -   jr3dxewsy4  |  video_7264ee86  |  state=Processed  |  duration=446s
2026-04-26 04:17:48,328 - FetchAVI - INFO -   4o8y5k2fo5  |  video_b120483a  |  state=Processed  |  duration=227s
2026-04-26 04:17:48,328 - FetchAVI - INFO -   xzlb5i8mtm  |  video_8d9fe3c9  |  state=Failed  |  duration=0s
2026-04-26 04:17:48,328 - FetchAVI - INFO -   gg4khc5wv9  |  video_8798066a  |  state=Processed  |  duration=120s
2026-04-26 04:17:48,328 - FetchAVI - INFO -   n2wq3edbkn  |  video_ac1682fb  |  state=Processed  |  duration=120s
2026-04-26 04:17:48,328 - FetchAVI - INFO -   w5pkzrewf5  |  video_b4b22083  |  state=Processed  |  duration=347s
2026-04-26 04:17:48,328 - FetchAVI - INFO -   w7wsl0oy0c  |  video_a83f6210  |  state=Processed  |  duration=347s
2026-04-26 04:17:48,328 - FetchAVI - INFO -   171oyt9fhs  |  video_39fbc2c8  |  state=Processed  |  duration=446s
2026-04-26 04:17:48,328 - FetchAVI - INFO -   zr8imn9dxn  |  video_cdd136b5  |  state=Processed  |  duration=446s
2026-04-26 04:17:48,328 - FetchAVI - INFO -   6mj1f5tju2  |  video_f2083c67  |  state=Processed  |  duration=71s
2026-04-26 04:17:48,328 - FetchAVI - INFO -   pk1bzale9i  |  TestVideo  |  state=Processed  |  duration=410s
2026-04-26 04:17:48,328 - FetchAVI - INFO -   pldl3lwgc3  |  TestVideo  |  state=Failed  |  duration=0s
2026-04-26 04:17:48,329 - FetchAVI - INFO -   m9m51y3jp5  |  test_Project Hail Mary - Official Trailer.mp4  |  state=Processed  |  duration=178s
2026-04-26 04:17:48,329 - FetchAVI - INFO -   qil39k8svb  |  TestVideo  |  state=Failed  |  duration=0s
2026-04-26 04:17:48,329 - FetchAVI - INFO -   epce0e3lpm  |  test_Why Amtrak’s Most Important Tunnels Are Doomed.mp4  |  state=Processed  |  duration=397s
2026-04-26 04:17:48,329 - FetchAVI - INFO -   l8m82tq6fh  |  test_The International Airport That Can Only Send Flights to Turkey.mp4  |  state=Processed  |  duration=446s
2026-04-26 04:17:48,329 - FetchAVI - INFO -   qv0uejoujb  |  video_cfb949b3  |  state=Failed  |  duration=0s
2026-04-26 04:17:48,329 - FetchAVI - INFO -   0y8eegqt4x  |  video_d6b77410  |  state=Failed  |  duration=0s
2026-04-26 04:17:48,329 - FetchAVI - INFO -   bifou7ws85  |  video_6ff66f4d  |  state=Failed  |  duration=0s
2026-04-26 04:17:48,329 - FetchAVI - INFO -   wu89nlrfpb  |  video_43c6aa0a  |  state=Failed  |  duration=0s
2026-04-26 04:17:48,329 - FetchAVI - INFO -   r22cg9qt9c  |  test_Why The US Government Put 480 Million Needles Into the Sky.mp4  |  state=Processed  |  duration=470s
2026-04-26 04:50:33,460 - FetchAVI - INFO - Listing all videos in AVI account...
2026-04-26 04:50:33,460 - avi_client - INFO - Attempting to fetch fresh access token via Subscription Key...
2026-04-26 04:50:35,634 - FetchAVI - INFO - Found 25 videos:
2026-04-26 04:50:35,635 - FetchAVI - INFO -   772vskj14y  |  video_d971a085  |  state=Processed  |  duration=493s
2026-04-26 04:50:35,635 - FetchAVI - INFO -   hg5nyih2fo  |  video_43a38484  |  state=Processed  |  duration=938s
2026-04-26 04:50:35,635 - FetchAVI - INFO -   ghfe5dd563  |  video_303cbc17  |  state=Processed  |  duration=766s
2026-04-26 04:50:35,635 - FetchAVI - INFO -   7tw907hrbp  |  video_0c0216ed  |  state=Processed  |  duration=493s
2026-04-26 04:50:35,635 - FetchAVI - INFO -   jr3dxewsy4  |  video_7264ee86  |  state=Processed  |  duration=446s
2026-04-26 04:50:35,635 - FetchAVI - INFO -   4o8y5k2fo5  |  video_b120483a  |  state=Processed  |  duration=227s
2026-04-26 04:50:35,635 - FetchAVI - INFO -   xzlb5i8mtm  |  video_8d9fe3c9  |  state=Failed  |  duration=0s
2026-04-26 04:50:35,635 - FetchAVI - INFO -   gg4khc5wv9  |  video_8798066a  |  state=Processed  |  duration=120s
2026-04-26 04:50:35,635 - FetchAVI - INFO -   n2wq3edbkn  |  video_ac1682fb  |  state=Processed  |  duration=120s
2026-04-26 04:50:35,635 - FetchAVI - INFO -   w5pkzrewf5  |  video_b4b22083  |  state=Processed  |  duration=347s
2026-04-26 04:50:35,635 - FetchAVI - INFO -   w7wsl0oy0c  |  video_a83f6210  |  state=Processed  |  duration=347s
2026-04-26 04:50:35,635 - FetchAVI - INFO -   171oyt9fhs  |  video_39fbc2c8  |  state=Processed  |  duration=446s
2026-04-26 04:50:35,636 - FetchAVI - INFO -   zr8imn9dxn  |  video_cdd136b5  |  state=Processed  |  duration=446s
2026-04-26 04:50:35,636 - FetchAVI - INFO -   6mj1f5tju2  |  video_f2083c67  |  state=Processed  |  duration=71s
2026-04-26 04:50:35,636 - FetchAVI - INFO -   pk1bzale9i  |  TestVideo  |  state=Processed  |  duration=410s
2026-04-26 04:50:35,636 - FetchAVI - INFO -   pldl3lwgc3  |  TestVideo  |  state=Failed  |  duration=0s
2026-04-26 04:50:35,636 - FetchAVI - INFO -   m9m51y3jp5  |  test_Project Hail Mary - Official Trailer.mp4  |  state=Processed  |  duration=178s
2026-04-26 04:50:35,636 - FetchAVI - INFO -   qil39k8svb  |  TestVideo  |  state=Failed  |  duration=0s
2026-04-26 04:50:35,636 - FetchAVI - INFO -   epce0e3lpm  |  test_Why Amtrak’s Most Important Tunnels Are Doomed.mp4  |  state=Processed  |  duration=397s
2026-04-26 04:50:35,636 - FetchAVI - INFO -   l8m82tq6fh  |  test_The International Airport That Can Only Send Flights to Turkey.mp4  |  state=Processed  |  duration=446s
2026-04-26 04:50:35,636 - FetchAVI - INFO -   qv0uejoujb  |  video_cfb949b3  |  state=Failed  |  duration=0s
2026-04-26 04:50:35,636 - FetchAVI - INFO -   0y8eegqt4x  |  video_d6b77410  |  state=Failed  |  duration=0s
2026-04-26 04:50:35,636 - FetchAVI - INFO -   bifou7ws85  |  video_6ff66f4d  |  state=Failed  |  duration=0s
2026-04-26 04:50:35,636 - FetchAVI - INFO -   wu89nlrfpb  |  video_43c6aa0a  |  state=Failed  |  duration=0s
2026-04-26 04:50:35,636 - FetchAVI - INFO -   r22cg9qt9c  |  test_Why The US Government Put 480 Million Needles Into the Sky.mp4  |  state=Processed  |  duration=470s
