
============================================================
Starting recovery: 7264ee86
Plan: ['graph']
GPU: 0
============================================================

── Step: graph ──
2026-04-26 03:15:35,173 - __main__ - INFO - Loading data from /mnt/MIG_store/Datasets/blending/madhav/VRAG/outputs/7264ee86...
2026-04-26 03:15:35,173 - data_loader - INFO - No project index file found. Skipping index parsing.
2026-04-26 03:15:35,173 - data_loader - INFO - No mappings found in index file. Attempting auto-discovery of clip folders...
2026-04-26 03:15:35,178 - data_loader - INFO - Mapped 7264ee86 to video_id: jr3dxewsy4
2026-04-26 03:15:35,183 - __main__ - INFO - Initializing Neo4j Graph Connections...
2026-04-26 03:15:35,789 - graph_store.connection - INFO - Successfully connected to Clip Graph at neo4j+s://5ad1cf28.databases.neo4j.io
2026-04-26 03:15:36,407 - graph_store.connection - INFO - Successfully connected to Entity Graph at neo4j+s://59e1df2f.databases.neo4j.io
2026-04-26 03:15:36,407 - __main__ - INFO - ==================================================
2026-04-26 03:15:36,407 - __main__ - INFO - Building Layer 1: Temporal Clip Graph...
2026-04-26 03:15:36,531 - neo4j.notifications - INFO - Received notification from DBMS server: <GqlStatusObject gql_status='00NA0', status_description="note: successful completion - index or constraint already exists. The command 'CREATE CONSTRAINT IF NOT EXISTS FOR (e:Clip) REQUIRE (e.id) IS UNIQUE' has no effect. The index or constraint specified by 'CONSTRAINT constraint_bb7dfa17 FOR (e:Clip) REQUIRE (e.id) IS UNIQUE' already exists.", position=None, raw_classification='SCHEMA', classification=<NotificationClassification.SCHEMA: 'SCHEMA'>, raw_severity='INFORMATION', severity=<NotificationSeverity.INFORMATION: 'INFORMATION'>, diagnostic_record={'_classification': 'SCHEMA', '_severity': 'INFORMATION', 'OPERATION': '', 'OPERATION_CODE': '0', 'CURRENT_SCHEMA': '/'}> for query: 'CREATE CONSTRAINT IF NOT EXISTS FOR (c:Clip) REQUIRE c.id IS UNIQUE'
2026-04-26 03:15:36,716 - neo4j.notifications - INFO - Received notification from DBMS server: <GqlStatusObject gql_status='00NA0', status_description="note: successful completion - index or constraint already exists. The command 'CREATE RANGE INDEX IF NOT EXISTS FOR (e:Clip) ON (e.video_id)' has no effect. The index or constraint specified by 'RANGE INDEX index_3f7c652d FOR (e:Clip) ON (e.video_id)' already exists.", position=None, raw_classification='SCHEMA', classification=<NotificationClassification.SCHEMA: 'SCHEMA'>, raw_severity='INFORMATION', severity=<NotificationSeverity.INFORMATION: 'INFORMATION'>, diagnostic_record={'_classification': 'SCHEMA', '_severity': 'INFORMATION', 'OPERATION': '', 'OPERATION_CODE': '0', 'CURRENT_SCHEMA': '/'}> for query: 'CREATE INDEX IF NOT EXISTS FOR (c:Clip) ON (c.video_id)'
2026-04-26 03:21:11,272 - graph_store.builders.clip_builder - INFO - Clip Graph Builder pushed 43 clips and 42 NEXT edges to Neo4j.
2026-04-26 03:21:11,272 - __main__ - INFO - Layer 1 completed.
2026-04-26 03:21:11,272 - __main__ - INFO - ==================================================
2026-04-26 03:21:11,272 - __main__ - INFO - Building Layer 2: Semantic Entity Graph...
2026-04-26 03:21:11,497 - neo4j.notifications - INFO - Received notification from DBMS server: <GqlStatusObject gql_status='00NA0', status_description="note: successful completion - index or constraint already exists. The command 'CREATE CONSTRAINT IF NOT EXISTS FOR (e:Entity) REQUIRE (e.id) IS UNIQUE' has no effect. The index or constraint specified by 'CONSTRAINT constraint_1720359a FOR (e:Entity) REQUIRE (e.id) IS UNIQUE' already exists.", position=None, raw_classification='SCHEMA', classification=<NotificationClassification.SCHEMA: 'SCHEMA'>, raw_severity='INFORMATION', severity=<NotificationSeverity.INFORMATION: 'INFORMATION'>, diagnostic_record={'_classification': 'SCHEMA', '_severity': 'INFORMATION', 'OPERATION': '', 'OPERATION_CODE': '0', 'CURRENT_SCHEMA': '/'}> for query: 'CREATE CONSTRAINT IF NOT EXISTS FOR (e:Entity) REQUIRE e.id IS UNIQUE'
2026-04-26 03:21:11,690 - neo4j.notifications - INFO - Received notification from DBMS server: <GqlStatusObject gql_status='00NA0', status_description="note: successful completion - index or constraint already exists. The command 'CREATE RANGE INDEX IF NOT EXISTS FOR (e:Entity) ON (e.type)' has no effect. The index or constraint specified by 'RANGE INDEX index_3d7b3819 FOR (e:Entity) ON (e.type)' already exists.", position=None, raw_classification='SCHEMA', classification=<NotificationClassification.SCHEMA: 'SCHEMA'>, raw_severity='INFORMATION', severity=<NotificationSeverity.INFORMATION: 'INFORMATION'>, diagnostic_record={'_classification': 'SCHEMA', '_severity': 'INFORMATION', 'OPERATION': '', 'OPERATION_CODE': '0', 'CURRENT_SCHEMA': '/'}> for query: 'CREATE INDEX IF NOT EXISTS FOR (e:Entity) ON (e.type)'
2026-04-26 03:21:11,755 - entity_normalizer - INFO - Initializing EntityNormalizer with sentence-transformers/all-MiniLM-L6-v2 (threshold: 0.85)
2026-04-26 03:21:12,215 - httpx - INFO - HTTP Request: HEAD https://huggingface.co/sentence-transformers/all-MiniLM-L6-v2/resolve/main/modules.json "HTTP/1.1 307 Temporary Redirect"
2026-04-26 03:21:12,268 - httpx - INFO - HTTP Request: HEAD https://huggingface.co/api/resolve-cache/models/sentence-transformers/all-MiniLM-L6-v2/c9745ed1d9f207416be6d2e6f8de32d1f16199bf/modules.json "HTTP/1.1 200 OK"
2026-04-26 03:21:12,573 - httpx - INFO - HTTP Request: HEAD https://huggingface.co/sentence-transformers/all-MiniLM-L6-v2/resolve/main/config_sentence_transformers.json "HTTP/1.1 307 Temporary Redirect"
Warning: You are sending unauthenticated requests to the HF Hub. Please set a HF_TOKEN to enable higher rate limits and faster downloads.
2026-04-26 03:21:12,574 - huggingface_hub.utils._http - WARNING - Warning: You are sending unauthenticated requests to the HF Hub. Please set a HF_TOKEN to enable higher rate limits and faster downloads.
2026-04-26 03:21:12,626 - httpx - INFO - HTTP Request: HEAD https://huggingface.co/api/resolve-cache/models/sentence-transformers/all-MiniLM-L6-v2/c9745ed1d9f207416be6d2e6f8de32d1f16199bf/config_sentence_transformers.json "HTTP/1.1 200 OK"
2026-04-26 03:21:12,626 - sentence_transformers.base.model - INFO - Loading SentenceTransformer model from sentence-transformers/all-MiniLM-L6-v2.
2026-04-26 03:21:12,929 - httpx - INFO - HTTP Request: HEAD https://huggingface.co/sentence-transformers/all-MiniLM-L6-v2/resolve/main/config_sentence_transformers.json "HTTP/1.1 307 Temporary Redirect"
2026-04-26 03:21:12,981 - httpx - INFO - HTTP Request: HEAD https://huggingface.co/api/resolve-cache/models/sentence-transformers/all-MiniLM-L6-v2/c9745ed1d9f207416be6d2e6f8de32d1f16199bf/config_sentence_transformers.json "HTTP/1.1 200 OK"
2026-04-26 03:21:13,294 - httpx - INFO - HTTP Request: HEAD https://huggingface.co/sentence-transformers/all-MiniLM-L6-v2/resolve/main/README.md "HTTP/1.1 307 Temporary Redirect"
2026-04-26 03:21:13,348 - httpx - INFO - HTTP Request: HEAD https://huggingface.co/api/resolve-cache/models/sentence-transformers/all-MiniLM-L6-v2/c9745ed1d9f207416be6d2e6f8de32d1f16199bf/README.md "HTTP/1.1 200 OK"
2026-04-26 03:21:13,656 - httpx - INFO - HTTP Request: HEAD https://huggingface.co/sentence-transformers/all-MiniLM-L6-v2/resolve/main/modules.json "HTTP/1.1 307 Temporary Redirect"
2026-04-26 03:21:13,708 - httpx - INFO - HTTP Request: HEAD https://huggingface.co/api/resolve-cache/models/sentence-transformers/all-MiniLM-L6-v2/c9745ed1d9f207416be6d2e6f8de32d1f16199bf/modules.json "HTTP/1.1 200 OK"
2026-04-26 03:21:14,013 - httpx - INFO - HTTP Request: HEAD https://huggingface.co/sentence-transformers/all-MiniLM-L6-v2/resolve/main/sentence_bert_config.json "HTTP/1.1 307 Temporary Redirect"
2026-04-26 03:21:14,066 - httpx - INFO - HTTP Request: HEAD https://huggingface.co/api/resolve-cache/models/sentence-transformers/all-MiniLM-L6-v2/c9745ed1d9f207416be6d2e6f8de32d1f16199bf/sentence_bert_config.json "HTTP/1.1 200 OK"
2026-04-26 03:21:14,374 - httpx - INFO - HTTP Request: HEAD https://huggingface.co/sentence-transformers/all-MiniLM-L6-v2/resolve/main/adapter_config.json "HTTP/1.1 404 Not Found"
2026-04-26 03:21:14,692 - httpx - INFO - HTTP Request: HEAD https://huggingface.co/sentence-transformers/all-MiniLM-L6-v2/resolve/main/config.json "HTTP/1.1 307 Temporary Redirect"
2026-04-26 03:21:14,746 - httpx - INFO - HTTP Request: HEAD https://huggingface.co/api/resolve-cache/models/sentence-transformers/all-MiniLM-L6-v2/c9745ed1d9f207416be6d2e6f8de32d1f16199bf/config.json "HTTP/1.1 200 OK"
Loading weights:   0%|          | 0/103 [00:00<?, ?it/s]Loading weights: 100%|██████████| 103/103 [00:00<00:00, 9934.77it/s]
[1mBertModel LOAD REPORT[0m from: sentence-transformers/all-MiniLM-L6-v2
Key                     | Status     |  | 
------------------------+------------+--+-
embeddings.position_ids | UNEXPECTED |  | 

Notes:
- UNEXPECTED:	can be ignored when loading from different task/architecture; not ok if you expect identical arch.
2026-04-26 03:21:15,141 - httpx - INFO - HTTP Request: HEAD https://huggingface.co/sentence-transformers/all-MiniLM-L6-v2/resolve/main/processor_config.json "HTTP/1.1 404 Not Found"
2026-04-26 03:21:15,450 - httpx - INFO - HTTP Request: HEAD https://huggingface.co/sentence-transformers/all-MiniLM-L6-v2/resolve/main/preprocessor_config.json "HTTP/1.1 404 Not Found"
2026-04-26 03:21:15,758 - httpx - INFO - HTTP Request: HEAD https://huggingface.co/sentence-transformers/all-MiniLM-L6-v2/resolve/main/video_preprocessor_config.json "HTTP/1.1 404 Not Found"
2026-04-26 03:21:16,064 - httpx - INFO - HTTP Request: HEAD https://huggingface.co/sentence-transformers/all-MiniLM-L6-v2/resolve/main/preprocessor_config.json "HTTP/1.1 404 Not Found"
2026-04-26 03:21:16,370 - httpx - INFO - HTTP Request: HEAD https://huggingface.co/sentence-transformers/all-MiniLM-L6-v2/resolve/main/tokenizer_config.json "HTTP/1.1 307 Temporary Redirect"
2026-04-26 03:21:16,422 - httpx - INFO - HTTP Request: HEAD https://huggingface.co/api/resolve-cache/models/sentence-transformers/all-MiniLM-L6-v2/c9745ed1d9f207416be6d2e6f8de32d1f16199bf/tokenizer_config.json "HTTP/1.1 200 OK"
2026-04-26 03:21:16,729 - httpx - INFO - HTTP Request: HEAD https://huggingface.co/sentence-transformers/all-MiniLM-L6-v2/resolve/main/config.json "HTTP/1.1 307 Temporary Redirect"
2026-04-26 03:21:16,782 - httpx - INFO - HTTP Request: HEAD https://huggingface.co/api/resolve-cache/models/sentence-transformers/all-MiniLM-L6-v2/c9745ed1d9f207416be6d2e6f8de32d1f16199bf/config.json "HTTP/1.1 200 OK"
2026-04-26 03:21:17,114 - httpx - INFO - HTTP Request: HEAD https://huggingface.co/sentence-transformers/all-MiniLM-L6-v2/resolve/main/config.json "HTTP/1.1 307 Temporary Redirect"
2026-04-26 03:21:17,168 - httpx - INFO - HTTP Request: HEAD https://huggingface.co/api/resolve-cache/models/sentence-transformers/all-MiniLM-L6-v2/c9745ed1d9f207416be6d2e6f8de32d1f16199bf/config.json "HTTP/1.1 200 OK"
2026-04-26 03:21:17,474 - httpx - INFO - HTTP Request: HEAD https://huggingface.co/sentence-transformers/all-MiniLM-L6-v2/resolve/main/tokenizer_config.json "HTTP/1.1 307 Temporary Redirect"
2026-04-26 03:21:17,526 - httpx - INFO - HTTP Request: HEAD https://huggingface.co/api/resolve-cache/models/sentence-transformers/all-MiniLM-L6-v2/c9745ed1d9f207416be6d2e6f8de32d1f16199bf/tokenizer_config.json "HTTP/1.1 200 OK"
2026-04-26 03:21:17,896 - httpx - INFO - HTTP Request: GET https://huggingface.co/api/models/sentence-transformers/all-MiniLM-L6-v2/tree/main/additional_chat_templates?recursive=false&expand=false "HTTP/1.1 404 Not Found"
2026-04-26 03:21:18,209 - httpx - INFO - HTTP Request: GET https://huggingface.co/api/models/sentence-transformers/all-MiniLM-L6-v2/tree/main?recursive=true&expand=false "HTTP/1.1 200 OK"
2026-04-26 03:21:18,556 - httpx - INFO - HTTP Request: HEAD https://huggingface.co/sentence-transformers/all-MiniLM-L6-v2/resolve/main/1_Pooling/config.json "HTTP/1.1 307 Temporary Redirect"
2026-04-26 03:21:18,609 - httpx - INFO - HTTP Request: HEAD https://huggingface.co/api/resolve-cache/models/sentence-transformers/all-MiniLM-L6-v2/c9745ed1d9f207416be6d2e6f8de32d1f16199bf/1_Pooling%2Fconfig.json "HTTP/1.1 200 OK"
2026-04-26 03:21:18,921 - httpx - INFO - HTTP Request: GET https://huggingface.co/api/models/sentence-transformers/all-MiniLM-L6-v2 "HTTP/1.1 200 OK"
2026-04-26 03:21:18,927 - entity_normalizer - INFO - Entity Normalization: Merged 0 entities across 0 types.
2026-04-26 03:21:26,868 - graph_store.builders.entity_builder - INFO - Entity Graph Builder pushed 359 entities to Neo4j.
2026-04-26 03:21:26,868 - graph_store.builders.entity_builder - INFO - Pushed edges: 0 SUBCLASS_OF, 64261 RELATED_TO.
2026-04-26 03:21:26,869 - __main__ - INFO - Layer 2 completed.
2026-04-26 03:21:26,869 - __main__ - INFO - ==================================================
2026-04-26 03:21:26,869 - __main__ - INFO - Fetching clip intervals for mapping computation...
2026-04-26 03:21:27,212 - __main__ - INFO - Fetched 53 clip intervals.
2026-04-26 03:21:27,212 - graph_store.connection - INFO - Closed connection to Clip Graph.
2026-04-26 03:21:27,212 - graph_store.connection - INFO - Closed connection to Entity Graph.
2026-04-26 03:21:27,213 - __main__ - INFO - ==================================================
2026-04-26 03:21:27,213 - __main__ - INFO - Building Layer 3: Entity-Clip Mapping (file-based, no Neo4j)...
2026-04-26 03:21:27,213 - entity_normalizer - INFO - Initializing EntityNormalizer with sentence-transformers/all-MiniLM-L6-v2 (threshold: 0.85)
2026-04-26 03:21:37,628 - httpx - INFO - HTTP Request: HEAD https://huggingface.co/sentence-transformers/all-MiniLM-L6-v2/resolve/main/config_sentence_transformers.json "HTTP/1.1 307 Temporary Redirect"
2026-04-26 03:21:37,679 - httpx - INFO - HTTP Request: HEAD https://huggingface.co/api/resolve-cache/models/sentence-transformers/all-MiniLM-L6-v2/c9745ed1d9f207416be6d2e6f8de32d1f16199bf/config_sentence_transformers.json "HTTP/1.1 200 OK"
2026-04-26 03:21:37,679 - sentence_transformers.base.model - INFO - Loading SentenceTransformer model from sentence-transformers/all-MiniLM-L6-v2.
2026-04-26 03:21:37,979 - httpx - INFO - HTTP Request: HEAD https://huggingface.co/sentence-transformers/all-MiniLM-L6-v2/resolve/main/config_sentence_transformers.json "HTTP/1.1 307 Temporary Redirect"
2026-04-26 03:21:38,030 - httpx - INFO - HTTP Request: HEAD https://huggingface.co/api/resolve-cache/models/sentence-transformers/all-MiniLM-L6-v2/c9745ed1d9f207416be6d2e6f8de32d1f16199bf/config_sentence_transformers.json "HTTP/1.1 200 OK"
2026-04-26 03:21:38,332 - httpx - INFO - HTTP Request: HEAD https://huggingface.co/sentence-transformers/all-MiniLM-L6-v2/resolve/main/README.md "HTTP/1.1 307 Temporary Redirect"
2026-04-26 03:21:38,383 - httpx - INFO - HTTP Request: HEAD https://huggingface.co/api/resolve-cache/models/sentence-transformers/all-MiniLM-L6-v2/c9745ed1d9f207416be6d2e6f8de32d1f16199bf/README.md "HTTP/1.1 200 OK"
2026-04-26 03:21:38,687 - httpx - INFO - HTTP Request: HEAD https://huggingface.co/sentence-transformers/all-MiniLM-L6-v2/resolve/main/modules.json "HTTP/1.1 307 Temporary Redirect"
2026-04-26 03:21:38,737 - httpx - INFO - HTTP Request: HEAD https://huggingface.co/api/resolve-cache/models/sentence-transformers/all-MiniLM-L6-v2/c9745ed1d9f207416be6d2e6f8de32d1f16199bf/modules.json "HTTP/1.1 200 OK"
2026-04-26 03:21:39,039 - httpx - INFO - HTTP Request: HEAD https://huggingface.co/sentence-transformers/all-MiniLM-L6-v2/resolve/main/sentence_bert_config.json "HTTP/1.1 307 Temporary Redirect"
2026-04-26 03:21:39,089 - httpx - INFO - HTTP Request: HEAD https://huggingface.co/api/resolve-cache/models/sentence-transformers/all-MiniLM-L6-v2/c9745ed1d9f207416be6d2e6f8de32d1f16199bf/sentence_bert_config.json "HTTP/1.1 200 OK"
2026-04-26 03:21:39,395 - httpx - INFO - HTTP Request: HEAD https://huggingface.co/sentence-transformers/all-MiniLM-L6-v2/resolve/main/adapter_config.json "HTTP/1.1 404 Not Found"
2026-04-26 03:21:39,701 - httpx - INFO - HTTP Request: HEAD https://huggingface.co/sentence-transformers/all-MiniLM-L6-v2/resolve/main/config.json "HTTP/1.1 307 Temporary Redirect"
2026-04-26 03:21:39,753 - httpx - INFO - HTTP Request: HEAD https://huggingface.co/api/resolve-cache/models/sentence-transformers/all-MiniLM-L6-v2/c9745ed1d9f207416be6d2e6f8de32d1f16199bf/config.json "HTTP/1.1 200 OK"
Loading weights:   0%|          | 0/103 [00:00<?, ?it/s]Loading weights: 100%|██████████| 103/103 [00:00<00:00, 8213.96it/s]
[1mBertModel LOAD REPORT[0m from: sentence-transformers/all-MiniLM-L6-v2
Key                     | Status     |  | 
------------------------+------------+--+-
embeddings.position_ids | UNEXPECTED |  | 

Notes:
- UNEXPECTED:	can be ignored when loading from different task/architecture; not ok if you expect identical arch.
2026-04-26 03:21:40,098 - httpx - INFO - HTTP Request: HEAD https://huggingface.co/sentence-transformers/all-MiniLM-L6-v2/resolve/main/processor_config.json "HTTP/1.1 404 Not Found"
2026-04-26 03:21:40,402 - httpx - INFO - HTTP Request: HEAD https://huggingface.co/sentence-transformers/all-MiniLM-L6-v2/resolve/main/preprocessor_config.json "HTTP/1.1 404 Not Found"
2026-04-26 03:21:40,708 - httpx - INFO - HTTP Request: HEAD https://huggingface.co/sentence-transformers/all-MiniLM-L6-v2/resolve/main/video_preprocessor_config.json "HTTP/1.1 404 Not Found"
2026-04-26 03:21:41,019 - httpx - INFO - HTTP Request: HEAD https://huggingface.co/sentence-transformers/all-MiniLM-L6-v2/resolve/main/preprocessor_config.json "HTTP/1.1 404 Not Found"
2026-04-26 03:21:41,326 - httpx - INFO - HTTP Request: HEAD https://huggingface.co/sentence-transformers/all-MiniLM-L6-v2/resolve/main/tokenizer_config.json "HTTP/1.1 307 Temporary Redirect"
2026-04-26 03:21:41,376 - httpx - INFO - HTTP Request: HEAD https://huggingface.co/api/resolve-cache/models/sentence-transformers/all-MiniLM-L6-v2/c9745ed1d9f207416be6d2e6f8de32d1f16199bf/tokenizer_config.json "HTTP/1.1 200 OK"
2026-04-26 03:21:41,679 - httpx - INFO - HTTP Request: HEAD https://huggingface.co/sentence-transformers/all-MiniLM-L6-v2/resolve/main/config.json "HTTP/1.1 307 Temporary Redirect"
2026-04-26 03:21:41,732 - httpx - INFO - HTTP Request: HEAD https://huggingface.co/api/resolve-cache/models/sentence-transformers/all-MiniLM-L6-v2/c9745ed1d9f207416be6d2e6f8de32d1f16199bf/config.json "HTTP/1.1 200 OK"
2026-04-26 03:21:42,041 - httpx - INFO - HTTP Request: HEAD https://huggingface.co/sentence-transformers/all-MiniLM-L6-v2/resolve/main/config.json "HTTP/1.1 307 Temporary Redirect"
2026-04-26 03:21:42,091 - httpx - INFO - HTTP Request: HEAD https://huggingface.co/api/resolve-cache/models/sentence-transformers/all-MiniLM-L6-v2/c9745ed1d9f207416be6d2e6f8de32d1f16199bf/config.json "HTTP/1.1 200 OK"
2026-04-26 03:21:42,408 - httpx - INFO - HTTP Request: HEAD https://huggingface.co/sentence-transformers/all-MiniLM-L6-v2/resolve/main/tokenizer_config.json "HTTP/1.1 307 Temporary Redirect"
2026-04-26 03:21:42,460 - httpx - INFO - HTTP Request: HEAD https://huggingface.co/api/resolve-cache/models/sentence-transformers/all-MiniLM-L6-v2/c9745ed1d9f207416be6d2e6f8de32d1f16199bf/tokenizer_config.json "HTTP/1.1 200 OK"
2026-04-26 03:21:42,768 - httpx - INFO - HTTP Request: GET https://huggingface.co/api/models/sentence-transformers/all-MiniLM-L6-v2/tree/main/additional_chat_templates?recursive=false&expand=false "HTTP/1.1 404 Not Found"
2026-04-26 03:21:43,082 - httpx - INFO - HTTP Request: GET https://huggingface.co/api/models/sentence-transformers/all-MiniLM-L6-v2/tree/main?recursive=true&expand=false "HTTP/1.1 200 OK"
2026-04-26 03:21:43,410 - httpx - INFO - HTTP Request: HEAD https://huggingface.co/sentence-transformers/all-MiniLM-L6-v2/resolve/main/1_Pooling/config.json "HTTP/1.1 307 Temporary Redirect"
2026-04-26 03:21:43,461 - httpx - INFO - HTTP Request: HEAD https://huggingface.co/api/resolve-cache/models/sentence-transformers/all-MiniLM-L6-v2/c9745ed1d9f207416be6d2e6f8de32d1f16199bf/1_Pooling%2Fconfig.json "HTTP/1.1 200 OK"
2026-04-26 03:21:43,768 - httpx - INFO - HTTP Request: GET https://huggingface.co/api/models/sentence-transformers/all-MiniLM-L6-v2 "HTTP/1.1 200 OK"
2026-04-26 03:21:43,771 - entity_normalizer - INFO - Entity Normalization: Merged 0 entities across 0 types.
2026-04-26 03:21:43,787 - graph_store.builders.mapping_builder - INFO - MappingBuilder: wrote 359 entity mappings and 21 SHARES_ENTITY edges → /mnt/MIG_store/Datasets/blending/madhav/VRAG/outputs/7264ee86/entity_clip_mapping.json
2026-04-26 03:21:43,787 - __main__ - INFO - Layer 3 completed. Mapping saved to: /mnt/MIG_store/Datasets/blending/madhav/VRAG/outputs/7264ee86/entity_clip_mapping.json
2026-04-26 03:21:43,787 - __main__ - INFO - ==================================================
2026-04-26 03:21:43,787 - __main__ - INFO - Neo4j Graph Construction Pipeline Finished Successfully!
